  Bot.cpp
  Bullet.cpp
  BustedState.cpp
  Car.cpp
  ClientState.cpp
  Game.cpp
  GameMap.cpp
  GameOverState.cpp
  GameSimulator.cpp
  GameState.cpp
  InputManager.cpp
  MainMenuState.cpp
  NetworkManager.cpp
  PauseState.cpp
  PlayerCar.cpp
  ServerState.cpp
  SplashState.cpp
  main.cpp
  코드를 생성하고 있습니다.
  14 of 2731 functions ( 0.5%) were compiled, the rest were copied from previous compilation.
    0 functions were new in current compilation
    1 functions had inline decision re-evaluated but remain unchanged
  코드를 생성했습니다.
  CarRacing.vcxproj -> E:\Kprovs\CarRacing\bin\CarRacing.exe
