e:\kprovs\carracing\bin\carracing.ipdb
e:\kprovs\carracing\bin\carracing.iobj
e:\kprovs\carracing\x64\release\vc142.pdb
e:\kprovs\carracing\x64\release\sensor.obj
e:\kprovs\carracing\x64\release\main.obj
e:\kprovs\carracing\x64\release\statemachine.obj
e:\kprovs\carracing\x64\release\splashstate.obj
e:\kprovs\carracing\x64\release\serverstate.obj
e:\kprovs\carracing\x64\release\playercar.obj
e:\kprovs\carracing\x64\release\mainmenustate.obj
e:\kprovs\carracing\x64\release\inputmanager.obj
e:\kprovs\carracing\x64\release\gamesimulator.obj
e:\kprovs\carracing\x64\release\gamemap.obj
e:\kprovs\carracing\x64\release\game.obj
e:\kprovs\carracing\x64\release\clientstate.obj
e:\kprovs\carracing\x64\release\car.obj
e:\kprovs\carracing\x64\release\bustedstate.obj
e:\kprovs\carracing\x64\release\bullet.obj
e:\kprovs\carracing\x64\release\assetmanager.obj
e:\kprovs\carracing\bin\carracing.exe
e:\kprovs\carracing\bin\carracing.pdb
e:\kprovs\carracing\x64\release\carracing.tlog\carracing.write.1u.tlog
e:\kprovs\carracing\x64\release\carracing.tlog\cl.command.1.tlog
e:\kprovs\carracing\x64\release\carracing.tlog\cl.read.1.tlog
e:\kprovs\carracing\x64\release\carracing.tlog\cl.write.1.tlog
e:\kprovs\carracing\x64\release\carracing.tlog\link.command.1.tlog
e:\kprovs\carracing\x64\release\carracing.tlog\link.delete.1.tlog
e:\kprovs\carracing\x64\release\carracing.tlog\link.read.1.tlog
e:\kprovs\carracing\x64\release\carracing.tlog\link.write.1.tlog
