e:\kprovs\carracing\x64\debug\vc142.pdb
e:\kprovs\carracing\x64\debug\vc142.idb
e:\kprovs\carracing\x64\debug\main.obj
e:\kprovs\carracing\x64\debug\statemachine.obj
e:\kprovs\carracing\x64\debug\splashstate.obj
e:\kprovs\carracing\x64\debug\serverstate.obj
e:\kprovs\carracing\x64\debug\playercar.obj
e:\kprovs\carracing\x64\debug\pausestate.obj
e:\kprovs\carracing\x64\debug\networkmanager.obj
e:\kprovs\carracing\x64\debug\mainmenustate.obj
e:\kprovs\carracing\x64\debug\inputmanager.obj
e:\kprovs\carracing\x64\debug\gamestate.obj
e:\kprovs\carracing\x64\debug\gamesimulator.obj
e:\kprovs\carracing\x64\debug\gameoverstate.obj
e:\kprovs\carracing\x64\debug\gamemap.obj
e:\kprovs\carracing\x64\debug\game.obj
e:\kprovs\carracing\x64\debug\clientstate.obj
e:\kprovs\carracing\x64\debug\car.obj
e:\kprovs\carracing\x64\debug\bustedstate.obj
e:\kprovs\carracing\x64\debug\bullet.obj
e:\kprovs\carracing\x64\debug\bot.obj
e:\kprovs\carracing\x64\debug\assetmanager.obj
e:\kprovs\carracing\bin\carracing.exe
e:\kprovs\carracing\bin\carracing.ilk
e:\kprovs\carracing\bin\carracing.pdb
e:\kprovs\carracing\x64\debug\carracing.tlog\cl.command.1.tlog
e:\kprovs\carracing\x64\debug\carracing.tlog\cl.read.1.tlog
e:\kprovs\carracing\x64\debug\carracing.tlog\cl.write.1.tlog
e:\kprovs\carracing\x64\debug\carracing.tlog\link.command.1.tlog
e:\kprovs\carracing\x64\debug\carracing.tlog\link.read.1.tlog
e:\kprovs\carracing\x64\debug\carracing.tlog\link.write.1.tlog
